Copyright 1986-2016 Xilinx, Inc. All Rights Reserved.
----------------------------------------------------------------------------------------------------------------------------------------------------
| Tool Version     : Vivado v.2016.3 (lin64) Build 1682563 Mon Oct 10 19:07:26 MDT 2016
| Date             : Sat May 13 00:58:45 2017
| Host             : Arch running 64-bit unknown
| Command          : report_power -file Collection_power_routed.rpt -pb Collection_power_summary_routed.pb -rpx Collection_power_routed.rpx
| Design           : Collection
| Device           : xc7a100tcsg324-1
| Design State     : routed
| Grade            : commercial
| Process          : typical
| Characterization : Production
----------------------------------------------------------------------------------------------------------------------------------------------------

Power Report

Table of Contents
-----------------
1. Summary
1.1 On-Chip Components
1.2 Power Supply Summary
1.3 Confidence Level
2. Settings
2.1 Environment
2.2 Clock Constraints
3. Detailed Reports
3.1 By Hierarchy

1. Summary
----------

+--------------------------+--------+
| Total On-Chip Power (W)  | 0.208  |
| Dynamic (W)              | 0.110  |
| Device Static (W)        | 0.097  |
| Effective TJA (C/W)      | 4.6    |
| Max Ambient (C)          | 84.1   |
| Junction Temperature (C) | 25.9   |
| Confidence Level         | Medium |
| Setting File             | ---    |
| Simulation Activity File | ---    |
| Design Nets Matched      | NA     |
+--------------------------+--------+


1.1 On-Chip Components
----------------------

+----------------+-----------+----------+-----------+-----------------+
| On-Chip        | Power (W) | Used     | Available | Utilization (%) |
+----------------+-----------+----------+-----------+-----------------+
| Clocks         |     0.003 |       10 |       --- |             --- |
| Slice Logic    |    <0.001 |      362 |       --- |             --- |
|   LUT as Logic |    <0.001 |      118 |     63400 |            0.19 |
|   Register     |    <0.001 |      157 |    126800 |            0.12 |
|   CARRY4       |    <0.001 |        3 |     15850 |            0.02 |
|   F7/F8 Muxes  |    <0.001 |        1 |     63400 |           <0.01 |
|   Others       |     0.000 |       31 |       --- |             --- |
| Signals        |    <0.001 |      245 |       --- |             --- |
| Block RAM      |    <0.001 |      0.5 |       135 |            0.37 |
| MMCM           |     0.106 |        1 |         6 |           16.67 |
| I/O            |    <0.001 |       76 |       210 |           36.19 |
| Static Power   |     0.097 |          |           |                 |
| Total          |     0.208 |          |           |                 |
+----------------+-----------+----------+-----------+-----------------+


1.2 Power Supply Summary
------------------------

+-----------+-------------+-----------+-------------+------------+
| Source    | Voltage (V) | Total (A) | Dynamic (A) | Static (A) |
+-----------+-------------+-----------+-------------+------------+
| Vccint    |       1.000 |     0.020 |       0.004 |      0.015 |
| Vccaux    |       1.800 |     0.077 |       0.059 |      0.018 |
| Vcco33    |       3.300 |     0.004 |       0.000 |      0.004 |
| Vcco25    |       2.500 |     0.000 |       0.000 |      0.000 |
| Vcco18    |       1.800 |     0.000 |       0.000 |      0.000 |
| Vcco15    |       1.500 |     0.000 |       0.000 |      0.000 |
| Vcco135   |       1.350 |     0.000 |       0.000 |      0.000 |
| Vcco12    |       1.200 |     0.000 |       0.000 |      0.000 |
| Vccaux_io |       1.800 |     0.000 |       0.000 |      0.000 |
| Vccbram   |       1.000 |     0.000 |       0.000 |      0.000 |
| MGTAVcc   |       1.000 |     0.000 |       0.000 |      0.000 |
| MGTAVtt   |       1.200 |     0.000 |       0.000 |      0.000 |
| Vccadc    |       1.800 |     0.020 |       0.000 |      0.020 |
+-----------+-------------+-----------+-------------+------------+


1.3 Confidence Level
--------------------

+-----------------------------+------------+-------------------------------------------------------+------------------------------------------------------------------------------------------------------------+
| User Input Data             | Confidence | Details                                               | Action                                                                                                     |
+-----------------------------+------------+-------------------------------------------------------+------------------------------------------------------------------------------------------------------------+
| Design implementation state | High       | Design is routed                                      |                                                                                                            |
| Clock nodes activity        | High       | User specified more than 95% of clocks                |                                                                                                            |
| I/O nodes activity          | Medium     | More than 5% of inputs are missing user specification | Provide missing input activity with simulation results or by editing the "By Resource Type -> I/Os" view   |
| Internal nodes activity     | Medium     | User specified less than 25% of internal nodes        | Provide missing internal nodes activity with simulation results or by editing the "By Resource Type" views |
| Device models               | High       | Device models are Production                          |                                                                                                            |
|                             |            |                                                       |                                                                                                            |
| Overall confidence level    | Medium     |                                                       |                                                                                                            |
+-----------------------------+------------+-------------------------------------------------------+------------------------------------------------------------------------------------------------------------+


2. Settings
-----------

2.1 Environment
---------------

+-----------------------+--------------------------+
| Ambient Temp (C)      | 25.0                     |
| ThetaJA (C/W)         | 4.6                      |
| Airflow (LFM)         | 250                      |
| Heat Sink             | medium (Medium Profile)  |
| ThetaSA (C/W)         | 4.6                      |
| Board Selection       | medium (10"x10")         |
| # of Board Layers     | 12to15 (12 to 15 Layers) |
| Board Temperature (C) | 25.0                     |
+-----------------------+--------------------------+


2.2 Clock Constraints
---------------------

+----------------------+------------------------------------------------------+-----------------+
| Clock                | Domain                                               | Constraint (ns) |
+----------------------+------------------------------------------------------+-----------------+
| CLK                  | CLK                                                  |            10.0 |
| clk4x_clk_wiz_0      | Serializer_core/Clock_Wizard/inst/clk4x_clk_wiz_0    |             5.0 |
| clk4x_clk_wiz_0_1    | Serializer_core/Clock_Wizard/inst/clk4x_clk_wiz_0    |             5.0 |
| clkfbout_clk_wiz_0   | Serializer_core/Clock_Wizard/inst/clkfbout_clk_wiz_0 |            10.0 |
| clkfbout_clk_wiz_0_1 | Serializer_core/Clock_Wizard/inst/clkfbout_clk_wiz_0 |            10.0 |
| clkx_clk_wiz_0       | Serializer_core/Clock_Wizard/inst/clkx_clk_wiz_0     |            20.0 |
| clkx_clk_wiz_0_1     | Serializer_core/Clock_Wizard/inst/clkx_clk_wiz_0     |            20.0 |
| sys_clk_pin          | CLK                                                  |            10.0 |
+----------------------+------------------------------------------------------+-----------------+


3. Detailed Reports
-------------------

3.1 By Hierarchy
----------------

+------------------------------------------------+-----------+
| Name                                           | Power (W) |
+------------------------------------------------+-----------+
| Collection                                     |     0.110 |
|   FSM                                          |    <0.001 |
|   Registers_Matrix_core                        |     0.002 |
|     Column_Count                               |    <0.001 |
|     Column_Select                              |    <0.001 |
|     Controller_0                               |    <0.001 |
|       Checker                                  |    <0.001 |
|       Counter                                  |    <0.001 |
|     Controller_1                               |    <0.001 |
|       Checker                                  |    <0.001 |
|       Counter                                  |    <0.001 |
|     Controller_2                               |    <0.001 |
|       Checker                                  |    <0.001 |
|       Counter                                  |    <0.001 |
|     Row_Count                                  |    <0.001 |
|     Row_Select                                 |    <0.001 |
|     SRegister_00                               |    <0.001 |
|     SRegister_01                               |    <0.001 |
|     SRegister_02                               |    <0.001 |
|     SRegister_10                               |    <0.001 |
|     SRegister_11                               |    <0.001 |
|     SRegister_12                               |    <0.001 |
|     SRegister_20                               |    <0.001 |
|     SRegister_21                               |    <0.001 |
|     SRegister_22                               |    <0.001 |
|     SRegister_30                               |    <0.001 |
|     SRegister_31                               |    <0.001 |
|     SRegister_32                               |    <0.001 |
|   Serializer_core                              |     0.108 |
|     Clock_Wizard                               |     0.107 |
|       inst                                     |     0.107 |
|     Counter_Address_Generator                  |    <0.001 |
|       U0                                       |    <0.001 |
|         i_synth                                |    <0.001 |
|           i_baseblox.i_baseblox_counter        |    <0.001 |
|             the_addsub                         |    <0.001 |
|               no_pipelining.the_addsub         |    <0.001 |
|                 i_lut6.i_lut6_addsub           |    <0.001 |
|                   i_q.i_simple.qreg            |    <0.001 |
|     Output_Reg0                                |    <0.001 |
|     Ram                                        |    <0.001 |
|       U0                                       |    <0.001 |
|         inst_blk_mem_gen                       |    <0.001 |
|           gnbram.gnativebmg.native_blk_mem_gen |    <0.001 |
|             valid.cstr                         |    <0.001 |
|               ramloop[0].ram.r                 |    <0.001 |
|                 prim_init.ram                  |    <0.001 |
|     Selector_Mux                               |    <0.001 |
|       U0                                       |    <0.001 |
|         i_synth                                |    <0.001 |
|           i_baseblox.i_baseblox_counter        |    <0.001 |
|             the_addsub                         |    <0.001 |
|               no_pipelining.the_addsub         |    <0.001 |
|                 i_lut6.i_lut6_addsub           |    <0.001 |
|                   i_q.i_simple.qreg            |    <0.001 |
|     Serializer                                 |    <0.001 |
+------------------------------------------------+-----------+


