Vivado Simulator 2016.3
Copyright 1986-1999, 2001-2016 Xilinx, Inc. All Rights Reserved.
Running: /media/arsanios/myNtfs/Xilinx/Vivado/2016.3/bin/unwrapped/lnx64.o/xelab -wto b394239910e64c488ae990d43b20f1ae --debug typical --relax --mt 8 -L xil_defaultlib -L secureip --snapshot TB_Collection_func_synth xil_defaultlib.TB_Collection -log elaborate.log 
Using 8 slave threads.
Starting static elaboration
Completed static elaboration
Starting simulation data flow analysis
Completed simulation data flow analysis
Time Resolution for simulation is 1ps
Compiling package std.standard
Compiling package std.textio
Compiling package ieee.std_logic_1164
Compiling package unisim.vcomponents
Compiling package ieee.vital_timing
Compiling package ieee.vital_primitives
Compiling package unisim.vpkg
Compiling package ieee.numeric_std
Compiling package ieee.std_logic_arith
Compiling package ieee.std_logic_signed
Compiling package ieee.std_logic_textio
Compiling architecture lut4_v of entity unisim.LUT4 [\LUT4(init="0000000001011110")(0...]
Compiling architecture fdce_v of entity unisim.FDCE [fdce_default]
Compiling architecture ldce_v of entity unisim.LDCE [ldce_default]
Compiling architecture lut6_v of entity unisim.LUT6 [\LUT6(init="11111111111100000111...]
Compiling architecture lut2_v of entity unisim.LUT2 [\LUT2(init="0010")(0,3)\]
Compiling architecture lut6_v of entity unisim.LUT6 [\LUT6(init="10100010101000101111...]
Compiling architecture lut4_v of entity unisim.LUT4 [\LUT4(init="0000000000001000")(0...]
Compiling architecture muxf7_v of entity unisim.MUXF7 [muxf7_default]
Compiling architecture lut6_v of entity unisim.LUT6 [\LUT6(init="01111111111100000100...]
Compiling architecture lut6_v of entity unisim.LUT6 [\LUT6(init="11111111111111111111...]
Compiling architecture lut2_v of entity unisim.LUT2 [\LUT2(init="0001")(0,3)\]
Compiling architecture lut6_v of entity unisim.LUT6 [\LUT6(init="00000000000000000000...]
Compiling architecture lut3_v of entity unisim.LUT3 [\LUT3(init="00010000")(0,7)\]
Compiling architecture lut6_v of entity unisim.LUT6 [\LUT6(init="11101110010101001110...]
Compiling architecture lut3_v of entity unisim.LUT3 [\LUT3(init="00000001")(0,7)\]
Compiling architecture lut6_v of entity unisim.LUT6 [\LUT6(init="10111000100010001000...]
Compiling architecture lut5_v of entity unisim.LUT5 [\LUT5(init="01010101111111110101...]
Compiling architecture lut5_v of entity unisim.LUT5 [\LUT5(init="11111111110111111111...]
Compiling architecture lut6_v of entity unisim.LUT6 [\LUT6(init="00101110001000000000...]
Compiling architecture lut5_v of entity unisim.LUT5 [\LUT5(init="00000001100000000000...]
Compiling architecture lut4_v of entity unisim.LUT4 [\LUT4(init="0000000000000100")(0...]
Compiling architecture lut3_v of entity unisim.LUT3 [\LUT3(init="00100000")(0,7)\]
Compiling architecture lut4_v of entity unisim.LUT4 [\LUT4(init="0101111100011110")(0...]
Compiling architecture lut3_v of entity unisim.LUT3 [\LUT3(init="00000111")(0,7)\]
Compiling architecture lut3_v of entity unisim.LUT3 [\LUT3(init="11100010")(0,7)\]
Compiling architecture fdre_v of entity unisim.FDRE [fdre_default]
Compiling architecture lut6_v of entity unisim.LUT6 [\LUT6(init="11110000111100001111...]
Compiling architecture lut6_v of entity unisim.LUT6 [\LUT6(init="11001100110011001100...]
Compiling architecture fdre_v of entity unisim.FDRE [\FDRE(init='1')\]
Compiling architecture lut2_v of entity unisim.LUT2 [\LUT2(init="1110")(0,3)\]
Compiling architecture lut4_v of entity unisim.LUT4 [\LUT4(init="0000100000000000")(0...]
Compiling architecture lut1_v of entity unisim.LUT1 [\LUT1(init="0001")(0,3)\]
Compiling architecture lut2_v of entity unisim.LUT2 [\LUT2(init="0110")(0,3)\]
Compiling architecture structure of entity xil_defaultlib.FSM_01 [fsm_01_default]
Compiling architecture ibuf_v of entity unisim.IBUF [\IBUF(1,9,1,1,1,4,1,7)\]
Compiling architecture obuf_v of entity unisim.OBUF [\OBUF(1,9,1,7,1,4)\]
Compiling architecture lut4_v of entity unisim.LUT4 [\LUT4(init="0000000001000000")(0...]
Compiling architecture lut4_v of entity unisim.LUT4 [\LUT4(init="1111001100000100")(0...]
Compiling architecture lut4_v of entity unisim.LUT4 [\LUT4(init="1111001100001000")(0...]
Compiling architecture structure of entity xil_defaultlib.Column_Counter_Int [column_counter_int_default]
Compiling architecture lut4_v of entity unisim.LUT4 [\LUT4(init="1111111111100000")(0...]
Compiling architecture structure of entity xil_defaultlib.Column_Selector [column_selector_default]
Compiling architecture structure of entity xil_defaultlib.Status_Checker_15 [status_checker_15_default]
Compiling architecture lut6_v of entity unisim.LUT6 [\LUT6(init="11111111111111111111...]
Compiling architecture lut4_v of entity unisim.LUT4 [\LUT4(init="0000111100000111")(0...]
Compiling architecture lut4_v of entity unisim.LUT4 [\LUT4(init="0101101001010010")(0...]
Compiling architecture lut3_v of entity unisim.LUT3 [\LUT3(init="01111000")(0,7)\]
Compiling architecture lut4_v of entity unisim.LUT4 [\LUT4(init="0110110011000100")(0...]
Compiling architecture structure of entity xil_defaultlib.Counter_3X_16 [counter_3x_16_default]
Compiling architecture structure of entity xil_defaultlib.Controller [controller_default]
Compiling architecture lut5_v of entity unisim.LUT5 [\LUT5(init="00000001000100010001...]
Compiling architecture structure of entity xil_defaultlib.Status_Checker_13 [status_checker_13_default]
Compiling architecture structure of entity xil_defaultlib.Counter_3X_14 [counter_3x_14_default]
Compiling architecture structure of entity xil_defaultlib.Controller_0 [controller_0_default]
Compiling architecture lut5_v of entity unisim.LUT5 [\LUT5(init="11111100000010000000...]
Compiling architecture lut3_v of entity unisim.LUT3 [\LUT3(init="10000000")(0,7)\]
Compiling architecture structure of entity xil_defaultlib.Status_Checker [status_checker_default]
Compiling architecture structure of entity xil_defaultlib.Counter_3X [counter_3x_default]
Compiling architecture structure of entity xil_defaultlib.Controller_1 [controller_1_default]
Compiling architecture lut5_v of entity unisim.LUT5 [\LUT5(init="11111111111011110000...]
Compiling architecture lut5_v of entity unisim.LUT5 [\LUT5(init="11111111110111110000...]
Compiling architecture lut6_v of entity unisim.LUT6 [\LUT6(init="11001111111111111111...]
Compiling architecture lut6_v of entity unisim.LUT6 [\LUT6(init="11001111111111111111...]
Compiling architecture structure of entity xil_defaultlib.Row_Counter_Int [row_counter_int_default]
Compiling architecture structure of entity xil_defaultlib.Column_Selector_2 [column_selector_2_default]
Compiling architecture lut6_v of entity unisim.LUT6 [\LUT6(init="00000000111001000000...]
Compiling architecture lut3_v of entity unisim.LUT3 [\LUT3(init="10101100")(0,7)\]
Compiling architecture structure of entity xil_defaultlib.MRegister [mregister_default]
Compiling architecture structure of entity xil_defaultlib.MRegister_3 [mregister_3_default]
Compiling architecture structure of entity xil_defaultlib.MRegister_4 [mregister_4_default]
Compiling architecture structure of entity xil_defaultlib.MRegister_5 [mregister_5_default]
Compiling architecture structure of entity xil_defaultlib.MRegister_6 [mregister_6_default]
Compiling architecture structure of entity xil_defaultlib.MRegister_7 [mregister_7_default]
Compiling architecture structure of entity xil_defaultlib.MRegister_8 [mregister_8_default]
Compiling architecture structure of entity xil_defaultlib.MRegister_9 [mregister_9_default]
Compiling architecture structure of entity xil_defaultlib.MRegister_10 [mregister_10_default]
Compiling architecture structure of entity xil_defaultlib.Buff_Sim_Reg [buff_sim_reg_default]
Compiling architecture structure of entity xil_defaultlib.Buff_Sim_Reg_11 [buff_sim_reg_11_default]
Compiling architecture structure of entity xil_defaultlib.Buff_Sim_Reg_12 [buff_sim_reg_12_default]
Compiling architecture structure of entity xil_defaultlib.Registers_Matrix [registers_matrix_default]
Compiling architecture bufg_v of entity unisim.BUFG [bufg_default]
Compiling architecture mmcme2_adv_v of entity unisim.MMCME2_ADV [\MMCME2_ADV(clkfbout_mult_f=10.0...]
Compiling architecture structure of entity xil_defaultlib.clk_wiz_0clk_wiz_0_clk_wiz [clk_wiz_0clk_wiz_0_clk_wiz_defau...]
Compiling architecture structure of entity xil_defaultlib.clk_wiz_0 [clk_wiz_0_default]
Compiling architecture vcc_v of entity unisim.VCC [vcc_default]
Compiling architecture gnd_v of entity unisim.GND [gnd_default]
Compiling architecture structure of entity xil_defaultlib.c_counter_binary_0c_reg_fd_v12_0_3_viv [c_counter_binary_0c_reg_fd_v12_0...]
Compiling architecture carry4_v of entity unisim.CARRY4 [carry4_default]
Compiling architecture structure of entity xil_defaultlib.c_counter_binary_0c_addsub_v12_0_10_lut6_legacy [c_counter_binary_0c_addsub_v12_0...]
Compiling architecture structure of entity xil_defaultlib.c_counter_binary_0c_addsub_v12_0_10_fabric_legacy [c_counter_binary_0c_addsub_v12_0...]
Compiling architecture structure of entity xil_defaultlib.c_counter_binary_0c_addsub_v12_0_10_legacy [c_counter_binary_0c_addsub_v12_0...]
Compiling architecture structure of entity xil_defaultlib.c_counter_binary_0c_counter_binary_v12_0_10_legacy [c_counter_binary_0c_counter_bina...]
Compiling architecture structure of entity xil_defaultlib.c_counter_binary_0c_counter_binary_v12_0_10_viv [c_counter_binary_0c_counter_bina...]
Compiling architecture structure of entity xil_defaultlib.c_counter_binary_0c_counter_binary_v12_0_10 [c_counter_binary_0c_counter_bina...]
Compiling architecture structure of entity xil_defaultlib.c_counter_binary_0 [c_counter_binary_0_default]
Compiling architecture structure of entity xil_defaultlib.Simp_Reg_8bit [simp_reg_8bit_default]
Compiling architecture rb18_internal_vhdl_v of entity unisim.RB18_INTERNAL_VHDL [\RB18_INTERNAL_VHDL(bram_size=18...]
Compiling architecture ramb18e1_v of entity unisim.RAMB18E1 [\RAMB18E1(init_00="0000010100000...]
Compiling architecture structure of entity xil_defaultlib.blk_mem_gen_0_blk_mem_gen_prim_wrapper_init [blk_mem_gen_0_blk_mem_gen_prim_w...]
Compiling architecture structure of entity xil_defaultlib.blk_mem_gen_0_blk_mem_gen_prim_width [blk_mem_gen_0_blk_mem_gen_prim_w...]
Compiling architecture structure of entity xil_defaultlib.blk_mem_gen_0_blk_mem_gen_generic_cstr [blk_mem_gen_0_blk_mem_gen_generi...]
Compiling architecture structure of entity xil_defaultlib.blk_mem_gen_0_blk_mem_gen_top [blk_mem_gen_0_blk_mem_gen_top_de...]
Compiling architecture structure of entity xil_defaultlib.blk_mem_gen_0_blk_mem_gen_v8_3_4_synth [blk_mem_gen_0_blk_mem_gen_v8_3_4...]
Compiling architecture structure of entity xil_defaultlib.blk_mem_gen_0_blk_mem_gen_v8_3_4 [blk_mem_gen_0_blk_mem_gen_v8_3_4...]
Compiling architecture structure of entity xil_defaultlib.blk_mem_gen_0 [blk_mem_gen_0_default]
Compiling architecture dsp48e1_v of entity unisim.DSP48E1 [\DSP48E1(acascreg=0,adreg=0,alum...]
Compiling architecture structure of entity xil_defaultlib.c_counter_binary_2xbip_dsp48e1_wrapper_v3_0 [c_counter_binary_2xbip_dsp48e1_w...]
Compiling architecture structure of entity xil_defaultlib.c_counter_binary_2dsp48_counter [c_counter_binary_2dsp48_counter_...]
Compiling architecture structure of entity xil_defaultlib.c_counter_binary_2xbip_counter_v3_0_3_viv [c_counter_binary_2xbip_counter_v...]
Compiling architecture structure of entity xil_defaultlib.c_counter_binary_2c_counter_binary_v12_0_10_viv [c_counter_binary_2c_counter_bina...]
Compiling architecture structure of entity xil_defaultlib.c_counter_binary_2c_counter_binary_v12_0_10 [c_counter_binary_2c_counter_bina...]
Compiling architecture structure of entity xil_defaultlib.c_counter_binary_2 [c_counter_binary_2_default]
Compiling architecture lut6_v of entity unisim.LUT6 [\LUT6(init="10101010110011001010...]
Compiling architecture structure of entity xil_defaultlib.Multiplixer_4_1 [multiplixer_4_1_default]
Compiling architecture structure of entity xil_defaultlib.Serializer [serializer_default]
Compiling architecture structure of entity xil_defaultlib.Collection [collection_default]
Compiling architecture behavioral of entity xil_defaultlib.tb_collection
Built simulation snapshot TB_Collection_func_synth
