
*** Running vivado
    with args -log Count_0.vds -m64 -product Vivado -mode batch -messageDb vivado.pb -notrace -source Count_0.tcl


****** Vivado v2016.3 (64-bit)
  **** SW Build 1682563 on Mon Oct 10 19:07:26 MDT 2016
  **** IP Build 1681267 on Mon Oct 10 21:28:31 MDT 2016
    ** Copyright 1986-2016 Xilinx, Inc. All Rights Reserved.

source Count_0.tcl -notrace
Starting RTL Elaboration : Time (s): cpu = 00:00:10 ; elapsed = 00:00:10 . Memory (MB): peak = 1104.988 ; gain = 194.301 ; free physical = 2360 ; free virtual = 25370
INFO: [Synth 8-638] synthesizing module 'Count_0' [/home/ayoub/Register_File/Register_File.srcs/sources_1/ip/Count_0/synth/Count_0.vhd:66]
INFO: [Synth 8-256] done synthesizing module 'Count_0' (8#1) [/home/ayoub/Register_File/Register_File.srcs/sources_1/ip/Count_0/synth/Count_0.vhd:66]
Finished RTL Elaboration : Time (s): cpu = 00:00:11 ; elapsed = 00:00:12 . Memory (MB): peak = 1152.461 ; gain = 241.773 ; free physical = 2310 ; free virtual = 25321
Finished RTL Optimization Phase 1 : Time (s): cpu = 00:00:12 ; elapsed = 00:00:12 . Memory (MB): peak = 1152.461 ; gain = 241.773 ; free physical = 2309 ; free virtual = 25320
INFO: [Device 21-403] Loading part xc7a100tcsg324-1
Constraint Validation Runtime : Time (s): cpu = 00:00:00.02 ; elapsed = 00:00:00.02 . Memory (MB): peak = 1448.852 ; gain = 0.004 ; free physical = 2101 ; free virtual = 25112
Finished Constraint Validation : Time (s): cpu = 00:00:22 ; elapsed = 00:00:23 . Memory (MB): peak = 1448.852 ; gain = 538.164 ; free physical = 2138 ; free virtual = 25149
Finished Loading Part and Timing Information : Time (s): cpu = 00:00:22 ; elapsed = 00:00:23 . Memory (MB): peak = 1448.852 ; gain = 538.164 ; free physical = 2138 ; free virtual = 25149
Finished applying 'set_property' XDC Constraints : Time (s): cpu = 00:00:22 ; elapsed = 00:00:23 . Memory (MB): peak = 1448.852 ; gain = 538.164 ; free physical = 2138 ; free virtual = 25149
Finished RTL Optimization Phase 2 : Time (s): cpu = 00:00:22 ; elapsed = 00:00:23 . Memory (MB): peak = 1448.852 ; gain = 538.164 ; free physical = 2129 ; free virtual = 25140
Finished Cross Boundary and Area Optimization : Time (s): cpu = 00:00:23 ; elapsed = 00:00:23 . Memory (MB): peak = 1448.852 ; gain = 538.164 ; free physical = 2113 ; free virtual = 25124
Finished Applying XDC Timing Constraints : Time (s): cpu = 00:00:32 ; elapsed = 00:00:32 . Memory (MB): peak = 1448.852 ; gain = 538.164 ; free physical = 2081 ; free virtual = 25091
Finished Timing Optimization : Time (s): cpu = 00:00:32 ; elapsed = 00:00:32 . Memory (MB): peak = 1448.852 ; gain = 538.164 ; free physical = 2081 ; free virtual = 25091
Finished Technology Mapping : Time (s): cpu = 00:00:32 ; elapsed = 00:00:32 . Memory (MB): peak = 1452.863 ; gain = 542.176 ; free physical = 2064 ; free virtual = 25074
Finished IO Insertion : Time (s): cpu = 00:00:32 ; elapsed = 00:00:33 . Memory (MB): peak = 1452.867 ; gain = 542.180 ; free physical = 2063 ; free virtual = 25074
Finished Renaming Generated Instances : Time (s): cpu = 00:00:32 ; elapsed = 00:00:33 . Memory (MB): peak = 1452.867 ; gain = 542.180 ; free physical = 2063 ; free virtual = 25074
Finished Rebuilding User Hierarchy : Time (s): cpu = 00:00:32 ; elapsed = 00:00:33 . Memory (MB): peak = 1452.867 ; gain = 542.180 ; free physical = 2063 ; free virtual = 25074
Finished Renaming Generated Ports : Time (s): cpu = 00:00:32 ; elapsed = 00:00:33 . Memory (MB): peak = 1452.867 ; gain = 542.180 ; free physical = 2063 ; free virtual = 25074
Finished Handling Custom Attributes : Time (s): cpu = 00:00:32 ; elapsed = 00:00:33 . Memory (MB): peak = 1452.867 ; gain = 542.180 ; free physical = 2063 ; free virtual = 25074
Finished Renaming Generated Nets : Time (s): cpu = 00:00:32 ; elapsed = 00:00:33 . Memory (MB): peak = 1452.867 ; gain = 542.180 ; free physical = 2063 ; free virtual = 25074

Report Cell Usage: 
+------+------+------+
|      |Cell  |Count |
+------+------+------+
|1     |LUT1  |     1|
|2     |MUXCY |     3|
|3     |XORCY |     4|
|4     |FDRE  |     4|
+------+------+------+
Finished Writing Synthesis Report : Time (s): cpu = 00:00:32 ; elapsed = 00:00:33 . Memory (MB): peak = 1452.867 ; gain = 542.180 ; free physical = 2063 ; free virtual = 25074
synth_design: Time (s): cpu = 00:00:29 ; elapsed = 00:00:29 . Memory (MB): peak = 1462.867 ; gain = 438.461 ; free physical = 2054 ; free virtual = 25064
